<?xml version="1.0" encoding="UTF-8"?>
<testsuite name="com.phonebook.test.LoginTests" tests="1" skipped="0" failures="0" errors="0" timestamp="2025-02-27T09:54:46" hostname="ANDREY" time="2.613">
  <properties/>
  <testcase name="loginPositiveTest" classname="com.phonebook.test.LoginTests" time="2.613"/>
  <system-out><![CDATA[]]></system-out>
  <system-err><![CDATA[]]></system-err>
</testsuite>
