<?xml version="1.0" encoding="UTF-8"?>
<testsuite name="com.phonebook.test.HomePageTests" tests="1" skipped="0" failures="0" errors="0" timestamp="2025-02-27T09:54:46" hostname="ANDREY" time="0.007">
  <properties/>
  <testcase name="isHomeComponentPresentTest" classname="com.phonebook.test.HomePageTests" time="0.007"/>
  <system-out><![CDATA[]]></system-out>
  <system-err><![CDATA[]]></system-err>
</testsuite>
