<?xml version="1.0" encoding="UTF-8"?>
<testsuite name="com.phonebook.test.DeleteContactTests" tests="1" skipped="0" failures="0" errors="0" timestamp="2025-02-27T09:55:12" hostname="ANDREY" time="1.317">
  <properties/>
  <testcase name="deleteContactPositiveTest" classname="com.phonebook.test.DeleteContactTests" time="1.317"/>
  <system-out><![CDATA[]]></system-out>
  <system-err><![CDATA[]]></system-err>
</testsuite>
